\BOOKMARK [0][-]{chapter.1}{Moodle}{}% 1
\BOOKMARK [1][-]{section.1.1}{What is a Moodle?}{chapter.1}% 2
\BOOKMARK [1][-]{section.1.2}{Front Page \(Main Conent Area\)}{chapter.1}% 3
\BOOKMARK [1][-]{section.1.3}{Front Page \(Left Sidebar\)}{chapter.1}% 4
\BOOKMARK [1][-]{section.1.4}{Parent \046 Guardian Access}{chapter.1}% 5
\BOOKMARK [1][-]{section.1.5}{Navigating to a Course}{chapter.1}% 6
\BOOKMARK [1][-]{section.1.6}{Resources}{chapter.1}% 7
\BOOKMARK [0][-]{chapter.2}{PowerSchool}{}% 8
\BOOKMARK [1][-]{section.2.1}{What is PowerSchool?}{chapter.2}% 9
\BOOKMARK [1][-]{section.2.2}{Credentials}{chapter.2}% 10
\BOOKMARK [1][-]{section.2.3}{Accessing PowerSchool}{chapter.2}% 11
\BOOKMARK [1][-]{section.2.4}{Resources}{chapter.2}% 12
\BOOKMARK [0][-]{chapter.3}{Lexia}{}% 13
\BOOKMARK [1][-]{section.3.1}{What is Lexia Reading?}{chapter.3}% 14
\BOOKMARK [1][-]{section.3.2}{Credentials}{chapter.3}% 15
\BOOKMARK [1][-]{section.3.3}{Installing Lexia Reading at Home}{chapter.3}% 16
\BOOKMARK [1][-]{section.3.4}{Resources}{chapter.3}% 17
\BOOKMARK [0][-]{chapter.4}{Kurzweil 3000}{}% 18
\BOOKMARK [1][-]{section.4.1}{What is Kurzweil 3000}{chapter.4}% 19
\BOOKMARK [0][-]{chapter.5}{Tech Support}{}% 20
\BOOKMARK [1][-]{section.5.1}{Helpdesk}{chapter.5}% 21
\BOOKMARK [1][-]{section.5.2}{Tech Mobile}{chapter.5}% 22
\BOOKMARK [0][-]{chapter.6}{Additional Technology Resources}{}% 23
\BOOKMARK [1][-]{section.6.1}{Text to Speech}{chapter.6}% 24
\BOOKMARK [1][-]{section.6.2}{Speech to Text}{chapter.6}% 25
\BOOKMARK [1][-]{section.6.3}{Fonts}{chapter.6}% 26
\BOOKMARK [1][-]{section.6.4}{Browser Extensions}{chapter.6}% 27
\BOOKMARK [1][-]{section.6.5}{Mobile Apps}{chapter.6}% 28
\BOOKMARK [0][-]{section*.5}{Index}{}% 29
